#
# There is insufficient memory for the Java Runtime Environment to continue.
# Native memory allocation (malloc) failed to allocate 827216 bytes for Chunk::new
# Possible reasons:
#   The system is out of physical RAM or swap space
#   In 32 bit mode, the process size limit was hit
# Possible solutions:
#   Reduce memory load on the system
#   Increase physical memory or swap space
#   Check if swap backing store is full
#   Use 64 bit Java on a 64 bit OS
#   Decrease Java heap size (-Xmx/-Xms)
#   Decrease number of Java threads
#   Decrease Java thread stack sizes (-Xss)
#   Set larger code cache with -XX:ReservedCodeCacheSize=
# This output file may be truncated or incomplete.
#
#  Out of Memory Error (allocation.cpp:390), pid=9796, tid=0x00000000000015b0
#
# JRE version: OpenJDK Runtime Environment (8.0_152-b01) (build 1.8.0_152-release-915-b01)
# Java VM: OpenJDK 64-Bit Server VM (25.152-b01 mixed mode windows-amd64 compressed oops)
# Failed to write core dump. Minidumps are not enabled by default on client versions of Windows
#

---------------  T H R E A D  ---------------

Current thread (0x000000001642f000):  JavaThread "C2 CompilerThread0" daemon [_thread_in_native, id=5552, stack(0x0000000018160000,0x0000000018260000)]

Stack: [0x0000000018160000,0x0000000018260000]
[error occurred during error reporting (printing stack bounds), id 0xc0000005]

Native frames: (J=compiled Java code, j=interpreted, Vv=VM code, C=native code)


Current CompileTask:
C2:  69347 10809       4       org.gradle.internal.component.external.model.AbstractModuleComponentResolveMetadata::populateConfigurationFromDescriptor (270 bytes)


---------------  P R O C E S S  ---------------

Java Threads: ( => current thread )
  0x0000000019482800 JavaThread "Cache worker for Artifact transforms cache (C:\Users\alexei.andrusceac\.gradle\caches\transforms-1)" [_thread_blocked, id=1624, stack(0x00000000236e0000,0x00000000237e0000)]
  0x000000001947b000 JavaThread "Cache worker for file hash cache (C:\Users\alexei.andrusceac\Desktop\MonitorizareAndroid\.gradle\4.1\fileHashes)" [_thread_blocked, id=8692, stack(0x0000000020af0000,0x0000000020bf0000)]
  0x000000001947c000 JavaThread "Stdin handler" [_thread_blocked, id=9912, stack(0x00000000206f0000,0x00000000207f0000)]
  0x000000001947c800 JavaThread "Asynchronous log dispatcher for DefaultDaemonConnection: socket connection from /127.0.0.1:45719 to /127.0.0.1:45805" [_thread_blocked, id=8688, stack(0x000000001eec0000,0x000000001efc0000)]
  0x000000001947d800 JavaThread "Cancel handler" [_thread_blocked, id=928, stack(0x000000001eb40000,0x000000001ec40000)]
  0x0000000019480800 JavaThread "Handler for socket connection from /127.0.0.1:45719 to /127.0.0.1:45805" [_thread_in_native, id=8684, stack(0x000000001c420000,0x000000001c520000)]
  0x000000001947f000 JavaThread "Memory manager" [_thread_blocked, id=7756, stack(0x00000000177d0000,0x00000000178d0000)]
  0x000000001947e000 JavaThread "pool-1-thread-1" [_thread_blocked, id=8260, stack(0x0000000021150000,0x0000000021250000)]
  0x000000001953b800 JavaThread "File lock request listener" [_thread_in_native, id=10948, stack(0x000000001be50000,0x000000001bf50000)]
  0x000000001a0ba800 JavaThread "Cache worker for file hash cache (C:\Users\alexei.andrusceac\.gradle\caches\4.1\fileHashes)" [_thread_blocked, id=7904, stack(0x000000001c100000,0x000000001c200000)]
  0x0000000019e91000 JavaThread "Daemon worker" [_thread_in_native, id=9592, stack(0x000000001b380000,0x000000001b480000)]
  0x0000000019365000 JavaThread "Daemon" [_thread_blocked, id=10072, stack(0x000000001b5a0000,0x000000001b6a0000)]
  0x00000000192d7000 JavaThread "Daemon periodic checks" [_thread_blocked, id=6452, stack(0x000000001b480000,0x000000001b580000)]
  0x00000000192d0000 JavaThread "Incoming local TCP Connector on port 45719" [_thread_in_native, id=8380, stack(0x000000001b1f0000,0x000000001b2f0000)]
  0x0000000017ce0000 JavaThread "Service Thread" daemon [_thread_blocked, id=7800, stack(0x0000000018530000,0x0000000018630000)]
  0x0000000017c76800 JavaThread "C1 CompilerThread2" daemon [_thread_blocked, id=10136, stack(0x0000000018330000,0x0000000018430000)]
  0x0000000017c75800 JavaThread "C2 CompilerThread1" daemon [_thread_in_native, id=10264, stack(0x0000000017510000,0x0000000017610000)]
=>0x000000001642f000 JavaThread "C2 CompilerThread0" daemon [_thread_in_native, id=5552, stack(0x0000000018160000,0x0000000018260000)]
  0x0000000016427800 JavaThread "Attach Listener" daemon [_thread_blocked, id=3484, stack(0x0000000017b60000,0x0000000017c60000)]
  0x0000000016426800 JavaThread "Signal Dispatcher" daemon [_thread_blocked, id=9724, stack(0x0000000017a10000,0x0000000017b10000)]
  0x0000000016402800 JavaThread "Finalizer" daemon [_thread_blocked, id=6404, stack(0x00000000178d0000,0x00000000179d0000)]
  0x00000000163c1800 JavaThread "Reference Handler" daemon [_thread_blocked, id=7852, stack(0x00000000176c0000,0x00000000177c0000)]
  0x000000000214f000 JavaThread "main" [_thread_blocked, id=352, stack(0x0000000002290000,0x0000000002390000)]

Other Threads:
  0x00000000163b9800 VMThread [stack: 0x0000000017400000,0x0000000017500000] [id=8592]
  0x0000000017ce9800 WatcherThread [stack: 0x0000000018720000,0x0000000018820000] [id=11140]

VM state:not at safepoint (normal execution)

VM Mutex/Monitor currently owned by a thread: None

Heap:
 PSYoungGen      total 425472K, used 59477K [0x00000000e0000000, 0x0000000100000000, 0x0000000100000000)
  eden space 394752K, 11% used [0x00000000e0000000,0x00000000e2d1ba28,0x00000000f8180000)
  from space 30720K, 43% used [0x00000000f8180000,0x00000000f8e79cd8,0x00000000f9f80000)
  to   space 28672K, 0% used [0x00000000fe400000,0x00000000fe400000,0x0000000100000000)
 ParOldGen       total 118784K, used 48322K [0x00000000a0000000, 0x00000000a7400000, 0x00000000e0000000)
  object space 118784K, 40% used [0x00000000a0000000,0x00000000a2f30a48,0x00000000a7400000)
 Metaspace       used 64686K, capacity 68156K, committed 68480K, reserved 1107968K
  class space    used 8650K, capacity 9484K, committed 9600K, reserved 1048576K

Card table byte_map: [0x0000000011a20000,0x0000000011d30000] byte_map_base: 0x0000000011520000

Marking Bits: (ParMarkBitMap*) 0x00000000522d3950
 Begin Bits: [0x0000000012730000, 0x0000000013f30000)
 End Bits:   [0x0000000013f30000, 0x0000000015730000)

Polling page: 0x0000000000430000

CodeCache: size=245760Kb used=28943Kb max_used=28943Kb free=216816Kb
 bounds [0x0000000002660000, 0x00000000042d0000, 0x0000000011660000]
 total_blobs=9805 nmethods=9011 adapters=706
 compilation: enabled

Compilation events (10 events):
Event: 69.241 Thread 0x0000000017c76800 10813       3       java.io.FileInputStream::read (8 bytes)
Event: 69.241 Thread 0x0000000017c76800 nmethod 10813 0x00000000042c3ed0 code [0x00000000042c4040, 0x00000000042c41c8]
Event: 69.263 Thread 0x0000000017c76800 10814       3       org.gradle.api.internal.artifacts.repositories.resolver.ExternalResourceResolver::checkModuleIdentifier (104 bytes)
Event: 69.264 Thread 0x0000000017c76800 nmethod 10814 0x00000000042c4290 code [0x00000000042c4620, 0x00000000042c6188]
Event: 69.265 Thread 0x0000000017c76800 10815       3       sun.nio.cs.ISO_8859_1$Decoder::decodeLoop (28 bytes)
Event: 69.266 Thread 0x0000000017c76800 nmethod 10815 0x00000000042c7390 code [0x00000000042c7520, 0x00000000042c7a58]
Event: 69.307 Thread 0x0000000017c76800 10816       3       com.sun.org.apache.xerces.internal.util.ParserConfigurationSettings::addRecognizedProperties (15 bytes)
Event: 69.308 Thread 0x0000000017c76800 nmethod 10816 0x00000000042c7bd0 code [0x00000000042c7d80, 0x00000000042c8338]
Event: 69.327 Thread 0x0000000017c76800 10817       3       java.io.BufferedInputStream::close (41 bytes)
Event: 69.327 Thread 0x0000000017c76800 nmethod 10817 0x00000000042c86d0 code [0x00000000042c8880, 0x00000000042c8ed8]

GC Heap History (10 events):
Event: 9.991 GC heap before
{Heap before GC invocations=8 (full 2):
 PSYoungGen      total 246784K, used 9106K [0x00000000e0000000, 0x00000000f0380000, 0x0000000100000000)
  eden space 236032K, 0% used [0x00000000e0000000,0x00000000e0000000,0x00000000ee680000)
  from space 10752K, 84% used [0x00000000ef900000,0x00000000f01e48b0,0x00000000f0380000)
  to   space 14848K, 0% used [0x00000000ee680000,0x00000000ee680000,0x00000000ef500000)
 ParOldGen       total 54272K, used 20305K [0x00000000a0000000, 0x00000000a3500000, 0x00000000e0000000)
  object space 54272K, 37% used [0x00000000a0000000,0x00000000a13d4760,0x00000000a3500000)
 Metaspace       used 34556K, capacity 35252K, committed 35416K, reserved 1079296K
  class space    used 4725K, capacity 5038K, committed 5120K, reserved 1048576K
Event: 10.055 GC heap after
Heap after GC invocations=8 (full 2):
 PSYoungGen      total 246784K, used 0K [0x00000000e0000000, 0x00000000f0380000, 0x0000000100000000)
  eden space 236032K, 0% used [0x00000000e0000000,0x00000000e0000000,0x00000000ee680000)
  from space 10752K, 0% used [0x00000000ef900000,0x00000000ef900000,0x00000000f0380000)
  to   space 14848K, 0% used [0x00000000ee680000,0x00000000ee680000,0x00000000ef500000)
 ParOldGen       total 70144K, used 16408K [0x00000000a0000000, 0x00000000a4480000, 0x00000000e0000000)
  object space 70144K, 23% used [0x00000000a0000000,0x00000000a10060d0,0x00000000a4480000)
 Metaspace       used 34556K, capacity 35252K, committed 35416K, reserved 1079296K
  class space    used 4725K, capacity 5038K, committed 5120K, reserved 1048576K
}
Event: 12.769 GC heap before
{Heap before GC invocations=9 (full 2):
 PSYoungGen      total 246784K, used 236032K [0x00000000e0000000, 0x00000000f0380000, 0x0000000100000000)
  eden space 236032K, 100% used [0x00000000e0000000,0x00000000ee680000,0x00000000ee680000)
  from space 10752K, 0% used [0x00000000ef900000,0x00000000ef900000,0x00000000f0380000)
  to   space 14848K, 0% used [0x00000000ee680000,0x00000000ee680000,0x00000000ef500000)
 ParOldGen       total 70144K, used 16408K [0x00000000a0000000, 0x00000000a4480000, 0x00000000e0000000)
  object space 70144K, 23% used [0x00000000a0000000,0x00000000a10060d0,0x00000000a4480000)
 Metaspace       used 51289K, capacity 52884K, committed 52992K, reserved 1095680K
  class space    used 6945K, capacity 7390K, committed 7424K, reserved 1048576K
Event: 12.790 GC heap after
Heap after GC invocations=9 (full 2):
 PSYoungGen      total 250880K, used 14843K [0x00000000e0000000, 0x00000000fb400000, 0x0000000100000000)
  eden space 236032K, 0% used [0x00000000e0000000,0x00000000e0000000,0x00000000ee680000)
  from space 14848K, 99% used [0x00000000ee680000,0x00000000ef4fec80,0x00000000ef500000)
  to   space 20992K, 0% used [0x00000000f9f80000,0x00000000f9f80000,0x00000000fb400000)
 ParOldGen       total 70144K, used 23649K [0x00000000a0000000, 0x00000000a4480000, 0x00000000e0000000)
  object space 70144K, 33% used [0x00000000a0000000,0x00000000a17186f8,0x00000000a4480000)
 Metaspace       used 51289K, capacity 52884K, committed 52992K, reserved 1095680K
  class space    used 6945K, capacity 7390K, committed 7424K, reserved 1048576K
}
Event: 15.757 GC heap before
{Heap before GC invocations=10 (full 2):
 PSYoungGen      total 250880K, used 222232K [0x00000000e0000000, 0x00000000fb400000, 0x0000000100000000)
  eden space 236032K, 87% used [0x00000000e0000000,0x00000000eca87380,0x00000000ee680000)
  from space 14848K, 99% used [0x00000000ee680000,0x00000000ef4fec80,0x00000000ef500000)
  to   space 20992K, 0% used [0x00000000f9f80000,0x00000000f9f80000,0x00000000fb400000)
 ParOldGen       total 70144K, used 23649K [0x00000000a0000000, 0x00000000a4480000, 0x00000000e0000000)
  object space 70144K, 33% used [0x00000000a0000000,0x00000000a17186f8,0x00000000a4480000)
 Metaspace       used 56531K, capacity 58968K, committed 59008K, reserved 1099776K
  class space    used 7733K, capacity 8306K, committed 8320K, reserved 1048576K
Event: 15.793 GC heap after
Heap after GC invocations=10 (full 2):
 PSYoungGen      total 415744K, used 20966K [0x00000000e0000000, 0x00000000fbf80000, 0x0000000100000000)
  eden space 394752K, 0% used [0x00000000e0000000,0x00000000e0000000,0x00000000f8180000)
  from space 20992K, 99% used [0x00000000f9f80000,0x00000000fb3f9bf8,0x00000000fb400000)
  to   space 30720K, 0% used [0x00000000f8180000,0x00000000f8180000,0x00000000f9f80000)
 ParOldGen       total 70144K, used 37955K [0x00000000a0000000, 0x00000000a4480000, 0x00000000e0000000)
  object space 70144K, 54% used [0x00000000a0000000,0x00000000a2510d50,0x00000000a4480000)
 Metaspace       used 56531K, capacity 58968K, committed 59008K, reserved 1099776K
  class space    used 7733K, capacity 8306K, committed 8320K, reserved 1048576K
}
Event: 15.793 GC heap before
{Heap before GC invocations=11 (full 3):
 PSYoungGen      total 415744K, used 20966K [0x00000000e0000000, 0x00000000fbf80000, 0x0000000100000000)
  eden space 394752K, 0% used [0x00000000e0000000,0x00000000e0000000,0x00000000f8180000)
  from space 20992K, 99% used [0x00000000f9f80000,0x00000000fb3f9bf8,0x00000000fb400000)
  to   space 30720K, 0% used [0x00000000f8180000,0x00000000f8180000,0x00000000f9f80000)
 ParOldGen       total 70144K, used 37955K [0x00000000a0000000, 0x00000000a4480000, 0x00000000e0000000)
  object space 70144K, 54% used [0x00000000a0000000,0x00000000a2510d50,0x00000000a4480000)
 Metaspace       used 56531K, capacity 58968K, committed 59008K, reserved 1099776K
  class space    used 7733K, capacity 8306K, committed 8320K, reserved 1048576K
Event: 15.986 GC heap after
Heap after GC invocations=11 (full 3):
 PSYoungGen      total 415744K, used 0K [0x00000000e0000000, 0x00000000fbf80000, 0x0000000100000000)
  eden space 394752K, 0% used [0x00000000e0000000,0x00000000e0000000,0x00000000f8180000)
  from space 20992K, 0% used [0x00000000f9f80000,0x00000000f9f80000,0x00000000fb400000)
  to   space 30720K, 0% used [0x00000000f8180000,0x00000000f8180000,0x00000000f9f80000)
 ParOldGen       total 118784K, used 48314K [0x00000000a0000000, 0x00000000a7400000, 0x00000000e0000000)
  object space 118784K, 40% used [0x00000000a0000000,0x00000000a2f2ea48,0x00000000a7400000)
 Metaspace       used 56531K, capacity 58968K, committed 59008K, reserved 1099776K
  class space    used 7733K, capacity 8306K, committed 8320K, reserved 1048576K
}
Event: 67.766 GC heap before
{Heap before GC invocations=12 (full 3):
 PSYoungGen      total 415744K, used 394752K [0x00000000e0000000, 0x00000000fbf80000, 0x0000000100000000)
  eden space 394752K, 100% used [0x00000000e0000000,0x00000000f8180000,0x00000000f8180000)
  from space 20992K, 0% used [0x00000000f9f80000,0x00000000f9f80000,0x00000000fb400000)
  to   space 30720K, 0% used [0x00000000f8180000,0x00000000f8180000,0x00000000f9f80000)
 ParOldGen       total 118784K, used 48314K [0x00000000a0000000, 0x00000000a7400000, 0x00000000e0000000)
  object space 118784K, 40% used [0x00000000a0000000,0x00000000a2f2ea48,0x00000000a7400000)
 Metaspace       used 64660K, capacity 68156K, committed 68480K, reserved 1107968K
  class space    used 8650K, capacity 9484K, committed 9600K, reserved 1048576K
Event: 67.785 GC heap after
Heap after GC invocations=12 (full 3):
 PSYoungGen      total 425472K, used 13287K [0x00000000e0000000, 0x0000000100000000, 0x0000000100000000)
  eden space 394752K, 0% used [0x00000000e0000000,0x00000000e0000000,0x00000000f8180000)
  from space 30720K, 43% used [0x00000000f8180000,0x00000000f8e79cd8,0x00000000f9f80000)
  to   space 28672K, 0% used [0x00000000fe400000,0x00000000fe400000,0x0000000100000000)
 ParOldGen       total 118784K, used 48322K [0x00000000a0000000, 0x00000000a7400000, 0x00000000e0000000)
  object space 118784K, 40% used [0x00000000a0000000,0x00000000a2f30a48,0x00000000a7400000)
 Metaspace       used 64660K, capacity 68156K, committed 68480K, reserved 1107968K
  class space    used 8650K, capacity 9484K, committed 9600K, reserved 1048576K
}

Deoptimization events (10 events):
Event: 41.605 Thread 0x0000000019e91000 Uncommon trap: reason=unstable_if action=reinterpret pc=0x00000000041a65f0 method=org.apache.commons.lang.StringUtils.splitWorker(Ljava/lang/String;Ljava/lang/String;IZ)[Ljava/lang/String; @ 142
Event: 41.611 Thread 0x0000000019e91000 Uncommon trap: reason=array_check action=maybe_recompile pc=0x0000000002e2bf60 method=java.util.ComparableTimSort.binarySort([Ljava/lang/Object;III)V @ 183
Event: 41.618 Thread 0x0000000019e91000 Uncommon trap: reason=array_check action=maybe_recompile pc=0x0000000002e2bdd4 method=java.util.ComparableTimSort.binarySort([Ljava/lang/Object;III)V @ 215
Event: 41.619 Thread 0x0000000019e91000 Uncommon trap: reason=array_check action=maybe_recompile pc=0x0000000002e2bf60 method=java.util.ComparableTimSort.binarySort([Ljava/lang/Object;III)V @ 183
Event: 41.763 Thread 0x0000000019365000 Uncommon trap: reason=unstable_if action=reinterpret pc=0x0000000003c6b2b0 method=com.esotericsoftware.kryo.io.Output.writeBytes([BII)V @ 61
Event: 67.327 Thread 0x0000000019480800 Uncommon trap: reason=class_check action=maybe_recompile pc=0x0000000003af5398 method=java.lang.reflect.Array.newInstance(Ljava/lang/Class;I)Ljava/lang/Object; @ 2
Event: 67.328 Thread 0x0000000019480800 Uncommon trap: reason=class_check action=maybe_recompile pc=0x0000000003af5398 method=java.lang.reflect.Array.newInstance(Ljava/lang/Class;I)Ljava/lang/Object; @ 2
Event: 67.548 Thread 0x0000000019e91000 Uncommon trap: reason=array_check action=maybe_recompile pc=0x0000000002e2bdd4 method=java.util.ComparableTimSort.binarySort([Ljava/lang/Object;III)V @ 215
Event: 67.564 Thread 0x0000000019e91000 Uncommon trap: reason=array_check action=maybe_recompile pc=0x0000000003c5eab8 method=java.util.ComparableTimSort.binarySort([Ljava/lang/Object;III)V @ 193
Event: 67.785 Thread 0x00000000163c1800 Uncommon trap: reason=unstable_if action=reinterpret pc=0x0000000003223674 method=java.lang.ref.Reference.tryHandlePending(Z)Z @ 20

Classes redefined (0 events):
No events

Internal exceptions (10 events):
Event: 37.022 Thread 0x0000000019e91000 Exception <a 'java/lang/NoSuchMethodError': <clinit>> (0x00000000ed68daf8) thrown at [D:\src\AOSP-openjdk-cygwin\jdk8u\hotspot\src\share\vm\prims\jni.cpp, line 1613]
Event: 37.545 Thread 0x0000000019e91000 Exception <a 'java/lang/ClassNotFoundException': sync_local_repo23148_4olv34h8jxu6nb93cvze2fqylBeanInfo> (0x00000000ed839f18) thrown at [D:\src\AOSP-openjdk-cygwin\jdk8u\hotspot\src\share\vm\classfile\systemDictionary.cpp, line 210]
Event: 37.545 Thread 0x0000000019e91000 Exception <a 'java/lang/ClassNotFoundException': sync_local_repo23148_4olv34h8jxu6nb93cvze2fqylCustomizer> (0x00000000ed844aa0) thrown at [D:\src\AOSP-openjdk-cygwin\jdk8u\hotspot\src\share\vm\classfile\systemDictionary.cpp, line 210]
Event: 38.138 Thread 0x0000000019e91000 Exception <a 'sun/nio/fs/WindowsException'> (0x00000000f0c65950) thrown at [D:\src\AOSP-openjdk-cygwin\jdk8u\hotspot\src\share\vm\prims\jni.cpp, line 709]
Event: 38.489 Thread 0x0000000019e91000 Implicit null exception at 0x0000000002dc7d1b to 0x0000000002dc94bd
Event: 38.490 Thread 0x0000000019e91000 Implicit null exception at 0x0000000003bba1eb to 0x0000000003bbace1
Event: 40.657 Thread 0x000000001ad52800 Exception <a 'java/lang/NoSuchMethodError': <clinit>> (0x00000000f5d4f048) thrown at [D:\src\AOSP-openjdk-cygwin\jdk8u\hotspot\src\share\vm\prims\jni.cpp, line 1613]
Event: 41.636 Thread 0x0000000019e91000 Exception <a 'sun/nio/fs/WindowsException'> (0x00000000f2d4ce20) thrown at [D:\src\AOSP-openjdk-cygwin\jdk8u\hotspot\src\share\vm\prims\jni.cpp, line 709]
Event: 67.548 Thread 0x0000000019e91000 Exception <a 'java/lang/ClassNotFoundException': sync_local_repo6475_1zcuccv8dibsz48rn71r1agu7BeanInfo> (0x00000000f796f970) thrown at [D:\src\AOSP-openjdk-cygwin\jdk8u\hotspot\src\share\vm\classfile\systemDictionary.cpp, line 210]
Event: 67.549 Thread 0x0000000019e91000 Exception <a 'java/lang/ClassNotFoundException': sync_local_repo6475_1zcuccv8dibsz48rn71r1agu7Customizer> (0x00000000f797a2f8) thrown at [D:\src\AOSP-openjdk-cygwin\jdk8u\hotspot\src\share\vm\classfile\systemDictionary.cpp, line 210]

Events (10 events):
Event: 67.787 Executing VM operation: RevokeBias
Event: 67.787 Executing VM operation: RevokeBias done
Event: 67.787 Executing VM operation: RevokeBias
Event: 67.787 Executing VM operation: RevokeBias done
Event: 67.787 Executing VM operation: RevokeBias
Event: 67.787 Executing VM operation: RevokeBias done
Event: 67.787 Executing VM operation: RevokeBias
Event: 67.787 Executing VM operation: RevokeBias done
Event: 67.790 Executing VM operation: BulkRevokeBias
Event: 67.790 Executing VM operation: BulkRevokeBias done


Dynamic libraries:
0x000000013f520000 - 0x000000013f551000 	C:\Program Files\Android\Android Studio\jre\bin\java.exe
0x0000000077050000 - 0x00000000771fa000 	C:\windows\SYSTEM32\ntdll.dll
0x0000000076f30000 - 0x000000007704f000 	C:\windows\system32\kernel32.dll
0x000007fefd080000 - 0x000007fefd0ea000 	C:\windows\system32\KERNELBASE.dll
0x000007fefd370000 - 0x000007fefd44b000 	C:\windows\system32\ADVAPI32.dll
0x000007fefda90000 - 0x000007fefdb2f000 	C:\windows\system32\msvcrt.dll
0x000007fefda70000 - 0x000007fefda8f000 	C:\windows\SYSTEM32\sechost.dll
0x000007feff230000 - 0x000007feff35d000 	C:\windows\system32\RPCRT4.dll
0x0000000076e30000 - 0x0000000076f2a000 	C:\windows\system32\USER32.dll
0x000007feff080000 - 0x000007feff0e7000 	C:\windows\system32\GDI32.dll
0x000007fefd660000 - 0x000007fefd66e000 	C:\windows\system32\LPK.dll
0x000007fefd4f0000 - 0x000007fefd5ba000 	C:\windows\system32\USP10.dll
0x000007fefaca0000 - 0x000007fefae94000 	C:\windows\WinSxS\amd64_microsoft.windows.common-controls_6595b64144ccf1df_6.0.7601.18837_none_fa3b1e3d17594757\COMCTL32.dll
0x000007feff120000 - 0x000007feff191000 	C:\windows\system32\SHLWAPI.dll
0x000007feff0f0000 - 0x000007feff11e000 	C:\windows\system32\IMM32.DLL
0x000007fefe1e0000 - 0x000007fefe2e9000 	C:\windows\system32\MSCTF.dll
0x000000005dca0000 - 0x000000005dd72000 	C:\Program Files\Android\Android Studio\jre\jre\bin\msvcr100.dll
0x0000000051b10000 - 0x000000005234e000 	C:\Program Files\Android\Android Studio\jre\jre\bin\server\jvm.dll
0x000007fecf980000 - 0x000007fecf989000 	C:\windows\system32\WSOCK32.dll
0x000007fefd670000 - 0x000007fefd6bd000 	C:\windows\system32\WS2_32.dll
0x000007feff1a0000 - 0x000007feff1a8000 	C:\windows\system32\NSI.dll
0x000007fefb1e0000 - 0x000007fefb21b000 	C:\windows\system32\WINMM.dll
0x000007fefc400000 - 0x000007fefc40c000 	C:\windows\system32\VERSION.dll
0x0000000077210000 - 0x0000000077217000 	C:\windows\system32\PSAPI.DLL
0x000007fef9fd0000 - 0x000007fef9fdf000 	C:\Program Files\Android\Android Studio\jre\jre\bin\verify.dll
0x000007fef7840000 - 0x000007fef7869000 	C:\Program Files\Android\Android Studio\jre\jre\bin\java.dll
0x000007fef9fa0000 - 0x000007fef9fb6000 	C:\Program Files\Android\Android Studio\jre\jre\bin\zip.dll
0x000007fefe2f0000 - 0x000007feff07a000 	C:\windows\system32\SHELL32.dll
0x000007fefd160000 - 0x000007fefd363000 	C:\windows\system32\ole32.dll
0x000007fefcd80000 - 0x000007fefcd8f000 	C:\windows\system32\profapi.dll
0x000007fef7b10000 - 0x000007fef7b2a000 	C:\Program Files\Android\Android Studio\jre\jre\bin\net.dll
0x000007fefc540000 - 0x000007fefc595000 	C:\windows\system32\mswsock.dll
0x000007fefc7c0000 - 0x000007fefc7c7000 	C:\windows\System32\wship6.dll
0x000007fef7940000 - 0x000007fef7951000 	C:\Program Files\Android\Android Studio\jre\jre\bin\nio.dll
0x000007fef6110000 - 0x000007fef612e000 	C:\Users\alexei.andrusceac\.gradle\native\25\windows-amd64\native-platform.dll
0x000007fef9640000 - 0x000007fef964d000 	C:\Program Files\Android\Android Studio\jre\jre\bin\management.dll
0x000007fefc5a0000 - 0x000007fefc5b8000 	C:\windows\system32\CRYPTSP.dll
0x000007fefc2a0000 - 0x000007fefc2e7000 	C:\windows\system32\rsaenh.dll
0x000007fefcde0000 - 0x000007fefcdfe000 	C:\windows\system32\USERENV.dll
0x000007fefcc20000 - 0x000007fefcc2f000 	C:\windows\system32\CRYPTBASE.dll
0x000007fef9f50000 - 0x000007fef9f77000 	C:\windows\system32\IPHLPAPI.DLL
0x000007fef9f40000 - 0x000007fef9f4b000 	C:\windows\system32\WINNSI.DLL
0x000007fef99c0000 - 0x000007fef99d1000 	C:\windows\system32\dhcpcsvc6.DLL
0x000007fef9a40000 - 0x000007fef9a58000 	C:\windows\system32\dhcpcsvc.DLL
0x000007fefcbc0000 - 0x000007fefcc17000 	C:\windows\system32\apphelp.dll

VM Arguments:
jvm_args: -Xmx1536m -Dfile.encoding=windows-1251 -Duser.country=RU -Duser.language=ru -Duser.variant 
java_command: org.gradle.launcher.daemon.bootstrap.GradleDaemon 4.1
java_class_path (initial): C:\Users\alexei.andrusceac\.gradle\wrapper\dists\gradle-4.1-all\bzyivzo6n839fup2jbap0tjew\gradle-4.1\lib\gradle-launcher-4.1.jar
Launcher Type: SUN_STANDARD

Environment Variables:
PATH=C:\ProgramData\Oracle\Java\javapath;C:\Program Files (x86)\Intel\iCLS Client\;C:\Program Files\Intel\iCLS Client\;C:\windows\system32;C:\windows;C:\windows\System32\Wbem;C:\windows\System32\WindowsPowerShell\v1.0\;C:\Program Files (x86)\Intel\Intel(R) Management Engine Components\DAL;C:\Program Files\Intel\Intel(R) Management Engine Components\DAL;C:\Program Files (x86)\Intel\Intel(R) Management Engine Components\IPT;C:\Program Files\Intel\Intel(R) Management Engine Components\IPT;C:\Program Files (x86)\Skype\Phone\;C:\Program Files\nodejs\;C:\Program Files (x86)\Windows Kits\8.1\Windows Performance Toolkit\;C:\Program Files\Microsoft SQL Server\110\Tools\Binn\;C:\Program Files\Microsoft\Web Platform Installer\;C:\Program Files (x86)\Microsoft SQL Server\100\Tools\Binn\VSShell\Common7\IDE\;C:\Program Files (x86)\Microsoft SQL Server\100\Tools\Binn\;C:\Program Files\Microsoft SQL Server\100\Tools\Binn\;C:\Program Files (x86)\Microsoft SQL Server\100\DTS\Binn\;C:\Program Files\Git\cmd;C:\tizen-studio\tools\ide\bin;C:\Users\alexei.andrusceac\AppData\Roaming\npm
USERNAME=alexei.andrusceac
OS=Windows_NT
PROCESSOR_IDENTIFIER=Intel64 Family 6 Model 94 Stepping 3, GenuineIntel



---------------  S Y S T E M  ---------------

OS: Windows 7 , 64 bit Build 7601 (6.1.7601.23572)

CPU:total 4 (initial active 4) (4 cores per cpu, 1 threads per core) family 6 model 94 stepping 3, cmov, cx8, fxsr, mmx, sse, sse2, sse3, ssse3, sse4.1, sse4.2, popcnt, avx, avx2, aes, clmul, erms, rtm, 3dnowpref, lzcnt, tsc, tscinvbit, bmi1, bmi2, adx

Memory: 4k page, physical 8103520k(1398616k free), swap 9021780k(22220k free)

vm_info: OpenJDK 64-Bit Server VM (25.152-b01) for windows-amd64 JRE (1.8.0_152-release-915-b01), built by "builder" with MS VC++ 10.0 (VS2010)

time: Wed Mar 21 16:44:54 2018
elapsed time: 69 seconds (0d 0h 1m 9s)

